<?xml version="1.0" encoding="UTF-8"?>
<!-- Generated by org.testng.reporters.JUnitReportReporter -->
<testsuite skipped="0" hostname="DESKTOP-GORB4NR" name="tests.Day5" tests="8" failures="0" timestamp="02 Apr 2020 22:44:14 GMT" time="0.065" errors="0">
  <testcase name="MortgageLoanLinuxSignIn" time="0.010" classname="tests.Day5"/>
  <testcase name="HolidayLoanLinuxSignIn" time="0.003" classname="tests.Day5"/>
  <testcase name="HomeLoanLinuxSignIn" time="0.003" classname="tests.Day5"/>
  <testcase name="CarLoanLinuxSignIn" time="0.005" classname="tests.Day5"/>
  <testcase name="InsuranceLoanLinuxSignIn" time="0.004" classname="tests.Day5"/>
  <testcase name="SchoolLoanLinuxSignIn" time="0.003" classname="tests.Day5"/>
  <testcase name="FarmLoanLinuxSignIn" time="0.004" classname="tests.Day5"/>
  <testcase name="BusinessLoanLinuxSignIn" time="0.033" classname="tests.Day5"/>
</testsuite> <!-- tests.Day5 -->
