<?xml version="1.0" encoding="UTF-8"?>
<!-- Generated by org.testng.reporters.JUnitReportReporter -->
<testsuite skipped="0" hostname="DESKTOP-GORB4NR" name="tests.Day3" tests="8" failures="0" timestamp="02 Apr 2020 22:44:14 GMT" time="0.028" errors="0">
  <testcase name="HolidayLoanAPISignIn" time="0.002" classname="tests.Day3"/>
  <testcase name="CarLoanAPISignIn" time="0.004" classname="tests.Day3"/>
  <testcase name="MortgageLoanAPISignIn" time="0.003" classname="tests.Day3"/>
  <testcase name="InsuranceLoanAPISignIn" time="0.001" classname="tests.Day3"/>
  <testcase name="HomeLoanAPISignIn" time="0.007" classname="tests.Day3"/>
  <testcase name="FarmLoanAPISignIn" time="0.003" classname="tests.Day3"/>
  <testcase name="SchoolLoanAPISignIn" time="0.005" classname="tests.Day3"/>
  <testcase name="BusinessLoanAPISignIn" time="0.003" classname="tests.Day3"/>
</testsuite> <!-- tests.Day3 -->
