<?xml version="1.0" encoding="UTF-8"?>
<!-- Generated by org.testng.reporters.JUnitReportReporter -->
<testsuite skipped="1" hostname="DESKTOP-GORB4NR" name="tests.Day2" tests="8" failures="0" timestamp="02 Apr 2020 22:44:14 GMT" time="0.020" errors="0">
  <testcase name="SchoolLoanMobileSignIn" time="0.006" classname="tests.Day2"/>
  <testcase name="InsuranceLoanMobileSignIn" time="0.002" classname="tests.Day2"/>
  <testcase name="FarmLoanMobileSignIn" time="0.001" classname="tests.Day2"/>
  <testcase name="HolidayLoanMobileSignIn" time="0.005" classname="tests.Day2"/>
  <testcase name="CarLoanMobileSignIn" time="0.002" classname="tests.Day2"/>
  <testcase name="MortgageLoanMobileSignIn" time="0.003" classname="tests.Day2"/>
  <testcase name="BusinessLoanMobileSignIn" time="0.001" classname="tests.Day2"/>
  <testcase name="HomeLoanMobileSignIn" classname="tests.Day2">
    <skipped/>
  </testcase> <!-- HomeLoanMobileSignIn -->
</testsuite> <!-- tests.Day2 -->
