<?xml version="1.0" encoding="UTF-8"?>
<!-- Generated by org.testng.reporters.JUnitReportReporter -->
<testsuite skipped="0" hostname="DESKTOP-GORB4NR" name="tests.Day4" tests="8" failures="0" timestamp="02 Apr 2020 22:44:14 GMT" time="0.028" errors="0">
  <testcase name="HomeLoanMacSignIn" time="0.003" classname="tests.Day4"/>
  <testcase name="BusinessLoanMacSignIn" time="0.002" classname="tests.Day4"/>
  <testcase name="SchoolLoanMacSignIn" time="0.005" classname="tests.Day4"/>
  <testcase name="MortgageLoanMacSignIn" time="0.007" classname="tests.Day4"/>
  <testcase name="HolidayLoanMacSignIn" time="0.002" classname="tests.Day4"/>
  <testcase name="InsuranceLoanMacSignIn" time="0.004" classname="tests.Day4"/>
  <testcase name="CarLoanMacSignIn" time="0.002" classname="tests.Day4"/>
  <testcase name="FarmLoanMacSignIn" time="0.003" classname="tests.Day4"/>
</testsuite> <!-- tests.Day4 -->
